<?xml version="1.0" encoding="UTF-8"?>
<!-- Generated by org.testng.reporters.JUnitReportReporter -->
<testsuite hostname="DESKTOP-MOFPJUL" failures="0" tests="2" name="Seleniumlearning.Manasaproject2.Project2TestNG" time="38.029" errors="0" timestamp="2025-03-18T15:55:01 IST" skipped="0">
  <testcase classname="Seleniumlearning.Manasaproject2.Project2TestNG" name="SubmitOrder" time="17.917"/>
  <testcase classname="Seleniumlearning.Manasaproject2.Project2TestNG" name="SubmitOrder" time="20.112"/>
</testsuite> <!-- Seleniumlearning.Manasaproject2.Project2TestNG -->
