<?xml version="1.0" encoding="UTF-8"?>
<!-- Generated by org.testng.reporters.JUnitReportReporter -->
<testsuite hostname="DESKTOP-MOFPJUL" failures="0" tests="1" name="Seleniumlearning.Manasaproject2.ErrorValidationTest" time="57.963" errors="0" timestamp="2025-03-19T20:30:38 IST" skipped="0">
  <testcase classname="Seleniumlearning.Manasaproject2.ErrorValidationTest" name="verifyProduct" time="57.963"/>
</testsuite> <!-- Seleniumlearning.Manasaproject2.ErrorValidationTest -->
